# JRE version: Java(TM) SE Runtime Environment (8.0_77-b03) (build 1.8.0_77-b03)
# Java VM: Java HotSpot(TM) 64-Bit Server VM (25.77-b03 mixed mode linux-amd64 compressed oops)
Heap:
 PSYoungGen      total 73216K, used 48165K [0x000000076cd80000, 0x0000000778800000, 0x00000007c0000000)
  eden space 62976K, 76% used [0x000000076cd80000,0x000000076fc89470,0x0000000770b00000)
  from space 10240K, 0% used [0x0000000770c80000,0x0000000770c80000,0x0000000771680000)
  to   space 64000K, 0% used [0x0000000774980000,0x0000000774980000,0x0000000778800000)
 ParOldGen       total 189952K, used 59994K [0x00000006c6800000, 0x00000006d2180000, 0x000000076cd80000)
  object space 189952K, 31% used [0x00000006c6800000,0x00000006ca296aa8,0x00000006d2180000)
 Metaspace       used 12852K, capacity 13504K, committed 13824K, reserved 1060864K
  class space    used 1445K, capacity 1934K, committed 2048K, reserved 1048576K
GC Heap History (10 events):
Event: 455.013 GC heap before
{Heap before GC invocations=2 (full 0):
 PSYoungGen      total 74752K, used 72937K [0x000000076cd80000, 0x0000000772080000, 0x00000007c0000000)
  eden space 64512K, 97% used [0x000000076cd80000,0x0000000770abdb98,0x0000000770c80000)
  from space 10240K, 99% used [0x0000000770c80000,0x000000077167cb00,0x0000000771680000)
  to   space 10240K, 0% used [0x0000000771680000,0x0000000771680000,0x0000000772080000)
 ParOldGen       total 171008K, used 9705K [0x00000006c6800000, 0x00000006d0f00000, 0x000000076cd80000)
  object space 171008K, 5% used [0x00000006c6800000,0x00000006c717a740,0x00000006d0f00000)
 Metaspace       used 12234K, capacity 12566K, committed 12928K, reserved 1060864K
  class space    used 1361K, capacity 1552K, committed 1664K, reserved 1048576K
Event: 455.021 GC heap after
Heap after GC invocations=2 (full 0):
 PSYoungGen      total 74752K, used 10226K [0x000000076cd80000, 0x0000000772080000, 0x00000007c0000000)
  eden space 64512K, 0% used [0x000000076cd80000,0x000000076cd80000,0x0000000770c80000)
  from space 10240K, 99% used [0x0000000771680000,0x000000077207ca50,0x0000000772080000)
  to   space 10240K, 0% used [0x0000000770c80000,0x0000000770c80000,0x0000000771680000)
 ParOldGen       total 171008K, used 24171K [0x00000006c6800000, 0x00000006d0f00000, 0x000000076cd80000)
  object space 171008K, 14% used [0x00000006c6800000,0x00000006c7f9ae80,0x00000006d0f00000)
 Metaspace       used 12234K, capacity 12566K, committed 12928K, reserved 1060864K
  class space    used 1361K, capacity 1552K, committed 1664K, reserved 1048576K
}
Event: 499.995 GC heap before
{Heap before GC invocations=3 (full 0):
 PSYoungGen      total 74752K, used 73085K [0x000000076cd80000, 0x0000000772080000, 0x00000007c0000000)
  eden space 64512K, 97% used [0x000000076cd80000,0x0000000770ae2cc0,0x0000000770c80000)
  from space 10240K, 99% used [0x0000000771680000,0x000000077207ca50,0x0000000772080000)
  to   space 10240K, 0% used [0x0000000770c80000,0x0000000770c80000,0x0000000771680000)
 ParOldGen       total 171008K, used 24171K [0x00000006c6800000, 0x00000006d0f00000, 0x000000076cd80000)
  object space 171008K, 14% used [0x00000006c6800000,0x00000006c7f9ae80,0x00000006d0f00000)
 Metaspace       used 12350K, capacity 12672K, committed 12928K, reserved 1060864K
  class space    used 1367K, capacity 1586K, committed 1664K, reserved 1048576K
Event: 500.002 GC heap after
Heap after GC invocations=3 (full 0):
 PSYoungGen      total 74752K, used 7789K [0x000000076cd80000, 0x0000000772080000, 0x00000007c0000000)
  eden space 64512K, 0% used [0x000000076cd80000,0x000000076cd80000,0x0000000770c80000)
  from space 10240K, 76% used [0x0000000770c80000,0x000000077141b528,0x0000000771680000)
  to   space 10240K, 0% used [0x0000000771680000,0x0000000771680000,0x0000000772080000)
 ParOldGen       total 171008K, used 24179K [0x00000006c6800000, 0x00000006d0f00000, 0x000000076cd80000)
  object space 171008K, 14% used [0x00000006c6800000,0x00000006c7f9ce80,0x00000006d0f00000)
 Metaspace       used 12350K, capacity 12672K, committed 12928K, reserved 1060864K
  class space    used 1367K, capacity 1586K, committed 1664K, reserved 1048576K
}
Event: 566.775 GC heap before
{Heap before GC invocations=4 (full 0):
 PSYoungGen      total 74752K, used 69903K [0x000000076cd80000, 0x0000000772080000, 0x00000007c0000000)
  eden space 64512K, 96% used [0x000000076cd80000,0x0000000770a287c0,0x0000000770c80000)
  from space 10240K, 76% used [0x0000000770c80000,0x000000077141b528,0x0000000771680000)
  to   space 10240K, 0% used [0x0000000771680000,0x0000000771680000,0x0000000772080000)
 ParOldGen       total 171008K, used 24179K [0x00000006c6800000, 0x00000006d0f00000, 0x000000076cd80000)
  object space 171008K, 14% used [0x00000006c6800000,0x00000006c7f9ce80,0x00000006d0f00000)
 Metaspace       used 12466K, capacity 12844K, committed 12928K, reserved 1060864K
  class space    used 1383K, capacity 1656K, committed 1664K, reserved 1048576K
Event: 566.785 GC heap after
Heap after GC invocations=4 (full 0):
 PSYoungGen      total 74752K, used 10220K [0x000000076cd80000, 0x0000000772080000, 0x00000007c0000000)
  eden space 64512K, 0% used [0x000000076cd80000,0x000000076cd80000,0x0000000770c80000)
  from space 10240K, 99% used [0x0000000771680000,0x000000077207b2d0,0x0000000772080000)
  to   space 10240K, 0% used [0x0000000770c80000,0x0000000770c80000,0x0000000771680000)
 ParOldGen       total 171008K, used 79634K [0x00000006c6800000, 0x00000006d0f00000, 0x000000076cd80000)
  object space 171008K, 46% used [0x00000006c6800000,0x00000006cb5c4968,0x00000006d0f00000)
 Metaspace       used 12466K, capacity 12844K, committed 12928K, reserved 1060864K
  class space    used 1383K, capacity 1656K, committed 1664K, reserved 1048576K
}
Event: 823.892 GC heap before
{Heap before GC invocations=5 (full 0):
 PSYoungGen      total 74752K, used 74380K [0x000000076cd80000, 0x0000000772080000, 0x00000007c0000000)
  eden space 64512K, 99% used [0x000000076cd80000,0x0000000770c28048,0x0000000770c80000)
  from space 10240K, 99% used [0x0000000771680000,0x000000077207b2d0,0x0000000772080000)
  to   space 10240K, 0% used [0x0000000770c80000,0x0000000770c80000,0x0000000771680000)
 ParOldGen       total 171008K, used 79634K [0x00000006c6800000, 0x00000006d0f00000, 0x000000076cd80000)
  object space 171008K, 46% used [0x00000006c6800000,0x00000006cb5c4968,0x00000006d0f00000)
 Metaspace       used 12679K, capacity 13204K, committed 13440K, reserved 1060864K
  class space    used 1418K, capacity 1827K, committed 1920K, reserved 1048576K
Event: 823.907 GC heap after
Heap after GC invocations=5 (full 0):
 PSYoungGen      total 73216K, used 10082K [0x000000076cd80000, 0x0000000778800000, 0x00000007c0000000)
  eden space 62976K, 0% used [0x000000076cd80000,0x000000076cd80000,0x0000000770b00000)
  from space 10240K, 98% used [0x0000000770c80000,0x0000000771658988,0x0000000771680000)
  to   space 64000K, 0% used [0x0000000774980000,0x0000000774980000,0x0000000778800000)
 ParOldGen       total 171008K, used 127788K [0x00000006c6800000, 0x00000006d0f00000, 0x000000076cd80000)
  object space 171008K, 74% used [0x00000006c6800000,0x00000006ce4cb108,0x00000006d0f00000)
 Metaspace       used 12679K, capacity 13204K, committed 13440K, reserved 1060864K
  class space    used 1418K, capacity 1827K, committed 1920K, reserved 1048576K
}
Event: 823.907 GC heap before
{Heap before GC invocations=6 (full 1):
 PSYoungGen      total 73216K, used 10082K [0x000000076cd80000, 0x0000000778800000, 0x00000007c0000000)
  eden space 62976K, 0% used [0x000000076cd80000,0x000000076cd80000,0x0000000770b00000)
  from space 10240K, 98% used [0x0000000770c80000,0x0000000771658988,0x0000000771680000)
  to   space 64000K, 0% used [0x0000000774980000,0x0000000774980000,0x0000000778800000)
 ParOldGen       total 171008K, used 127788K [0x00000006c6800000, 0x00000006d0f00000, 0x000000076cd80000)
  object space 171008K, 74% used [0x00000006c6800000,0x00000006ce4cb108,0x00000006d0f00000)
 Metaspace       used 12679K, capacity 13204K, committed 13440K, reserved 1060864K
  class space    used 1418K, capacity 1827K, committed 1920K, reserved 1048576K
Event: 823.929 GC heap after
Heap after GC invocations=6 (full 1):
 PSYoungGen      total 73216K, used 0K [0x000000076cd80000, 0x0000000778800000, 0x00000007c0000000)
  eden space 62976K, 0% used [0x000000076cd80000,0x000000076cd80000,0x0000000770b00000)
  from space 10240K, 0% used [0x0000000770c80000,0x0000000770c80000,0x0000000771680000)
  to   space 64000K, 0% used [0x0000000774980000,0x0000000774980000,0x0000000778800000)
 ParOldGen       total 189952K, used 59994K [0x00000006c6800000, 0x00000006d2180000, 0x000000076cd80000)
  object space 189952K, 31% used [0x00000006c6800000,0x00000006ca296aa8,0x00000006d2180000)
 Metaspace       used 12679K, capacity 13204K, committed 13440K, reserved 1060864K
  class space    used 1418K, capacity 1827K, committed 1920K, reserved 1048576K
}

